	=---------------------------------------=
	|  COMPILERS - ALGONQUIN COLLEGE (S24)  |
	=---------------------------------------=
	    @@@@@@@@@@@@@@@@@@@@@@@@@@@@@@@@@    
	    @@                             @@    
	    @@           %&@@@@@@@@@@@     @@    
	    @@       @%% (@@@@@@@@@  @     @@    
	    @@      @& @   @ @       @     @@    
	    @@     @ @ %  / /   @@@@@@     @@    
	    @@      & @ @  @@              @@    
	    @@       @/ @*@ @ @   @        @@    
	    @@           @@@@  @@ @ @      @@    
	    @@            /@@    @@@ @     @@    
	    @@     @      / /     @@ @     @@    
	    @@     @ @@   /@/   @@@ @      @@    
	    @@     @@@@@@@@@@@@@@@         @@    
	    @@                             @@    
	    @@         S O F I A           @@    
	    @@                             @@    
	    @@@@@@@@@@@@@@@@@@@@@@@@@@@@@@@@@    
	                                         
	[READER SCRIPT .........................]
	                                         
argv[0] = Compiler.exe
argv[1] = r
argv[2] = INPUT0_Empty.cho

[Option 'r': Starting READER .....]

Reading file INPUT0_Empty.cho ....Please wait

Printing buffer parameters:

The capacity of the buffer is:  250
The current size of the buffer is:  0
The operational mode of the buffer is: f
The increment factor of the buffer is:  10
The first symbol in the buffer is:   
The value of the flags field is: 01
Reader statistics : 

Number of errors: 0

Printing buffer contents:

Empty buffer
