	=---------------------------------------=
	|  COMPILERS - ALGONQUIN COLLEGE (S24)  |
	=---------------------------------------=
	    @@@@@@@@@@@@@@@@@@@@@@@@@@@@@@@@@    
	    @@                             @@    
	    @@           %&@@@@@@@@@@@     @@    
	    @@       @%% (@@@@@@@@@  @     @@    
	    @@      @& @   @ @       @     @@    
	    @@     @ @ %  / /   @@@@@@     @@    
	    @@      & @ @  @@              @@    
	    @@       @/ @*@ @ @   @        @@    
	    @@           @@@@  @@ @ @      @@    
	    @@            /@@    @@@ @     @@    
	    @@     @      / /     @@ @     @@    
	    @@     @ @@   /@/   @@@ @      @@    
	    @@     @@@@@@@@@@@@@@@         @@    
	    @@                             @@    
	    @@         S O F I A           @@    
	    @@                             @@    
	    @@@@@@@@@@@@@@@@@@@@@@@@@@@@@@@@@    
	                                         
	[READER SCRIPT .........................]
	                                         
argv[0] = Compiler.exe
argv[1] = r
argv[2] = INPUT5_General.cho

[Option 'r': Starting READER .....]

Reading file INPUT5_General.cho ....Please wait
The input file INPUT5_General.cho has not been completely loaded.
Current size of buffer: 250.
Last character read from the input file is:   32
Input file size: 610

Printing buffer parameters:

The capacity of the buffer is:  250
The current size of the buffer is:  250
The operational mode of the buffer is: f
The increment factor of the buffer is:  10
The first symbol in the buffer is:  /
The value of the flags field is: 42
Reader statistics : 
B[	]=7, B[
]=15, B[ ]=28, B["]=2, B[(]=3, B[)]=3, B[.]=2, B[/]=4, B[0]=9, B[1]=1, B[2]=1, B[5]=1, B[7]=2, B[8]=4, B[;]=9, B[=]=4, B[C]=1, B[E]=1, B[T]=1, B[_]=4, B[a]=14, B[c]=7, B[d]=5, B[e]=11, B[f]=2, B[g]=4, B[h]=7, B[i]=14, B[l]=7, B[m]=6, B[n]=13, B[o]=13, B[p]=7, B[r]=11, B[s]=6, B[t]=10, B[u]=4, B[x]=3, B[y]=2, B[{]=2, 
Number of errors: 0

Printing buffer contents:

// Chopin Example
// The program is "lexically" correct and should not generate any error 

chopin_intg i;
chopin_float a;
chopin_float sum008;
chopin_string text;

int main() {
	a = 1.2;
	sum008 = 7.87050;
	read(a);
	read(sum008);
	i = 0;
	do {
	i =