	=---------------------------------------=
	|  COMPILERS - ALGONQUIN COLLEGE (S24)  |
	=---------------------------------------=
	    @@@@@@@@@@@@@@@@@@@@@@@@@@@@@@@@@    
	    @@                             @@    
	    @@           %&@@@@@@@@@@@     @@    
	    @@       @%% (@@@@@@@@@  @     @@    
	    @@      @& @   @ @       @     @@    
	    @@     @ @ %  / /   @@@@@@     @@    
	    @@      & @ @  @@              @@    
	    @@       @/ @*@ @ @   @        @@    
	    @@           @@@@  @@ @ @      @@    
	    @@            /@@    @@@ @     @@    
	    @@     @      / /     @@ @     @@    
	    @@     @ @@   /@/   @@@ @      @@    
	    @@     @@@@@@@@@@@@@@@         @@    
	    @@                             @@    
	    @@         S O F I A           @@    
	    @@                             @@    
	    @@@@@@@@@@@@@@@@@@@@@@@@@@@@@@@@@    
	                                         
	[READER SCRIPT .........................]
	                                         
argv[0] = Compiler.exe
argv[1] = r
argv[2] = INPUT3_Factorial.cho

[Option 'r': Starting READER .....]

Reading file INPUT3_Factorial.cho ....Please wait
The input file INPUT3_Factorial.cho has not been completely loaded.
Current size of buffer: 250.
Last character read from the input file is: n 110
Input file size: 284

Printing buffer parameters:

The capacity of the buffer is:  250
The current size of the buffer is:  250
The operational mode of the buffer is: f
The increment factor of the buffer is:  10
The first symbol in the buffer is:  /
The value of the flags field is: A3
Reader statistics : 
B[	]=13, B[
]=18, B[ ]=32, B["]=4, B[(]=6, B[)]=6, B[*]=1, B[+]=1, B[/]=4, B[1]=3, B[4]=1, B[:]=3, B[;]=11, B[<]=1, B[=]=4, B[C]=1, B[E]=1, B[F]=1, B[T]=1, B[W]=1, B[_]=3, B[a]=8, B[b]=2, B[c]=8, B[d]=2, B[e]=10, B[f]=5, B[g]=4, B[h]=5, B[i]=20, B[l]=6, B[m]=4, B[n]=17, B[o]=12, B[p]=5, B[r]=6, B[s]=4, B[t]=8, B[u]=2, B[w]=1, B[x]=2, B[{]=2, B[}]=1, 
Number of errors: 0

Printing buffer contents:

// Chopin Example 4:
//  Testing numbers (ex: factorial) 

chopin_intg i;
chopin_intg n;
chopin_intg f;

int main() {
	f = 1;
	i = 1;
	console("Write a number");
	read(n);
	do {
		f = f * i;
		i = i + 1;
	}
	while (i < n);
	console("Factorial:");
	co